{
  "uid" : "677c047752c6c88e",
  "name" : "test_broken",
  "fullName" : "test_alluredemo1#test_broken",
  "historyId" : "62e3d0efc8226834b589024da8762ee8",
  "time" : {
    "start" : 1608790393606,
    "stop" : 1608790393606,
    "duration" : 0
  },
  "status" : "broken",
  "statusMessage" : "Exception: opps",
  "statusTrace" : "def test_broken():\n>       raise Exception('opps')\nE       Exception: opps\n\ntest_alluredemo1.py:17: Exception",
  "flaky" : false,
  "newFailed" : false,
  "beforeStages" : [ ],
  "afterStages" : [ ],
  "labels" : [ {
    "name" : "suite",
    "value" : "test_alluredemo1"
  }, {
    "name" : "host",
    "value" : "rong360deMacBook-Pro-104.local"
  }, {
    "name" : "thread",
    "value" : "69601-MainThread"
  }, {
    "name" : "framework",
    "value" : "pytest"
  }, {
    "name" : "language",
    "value" : "cpython3"
  }, {
    "name" : "package",
    "value" : "test_alluredemo1"
  }, {
    "name" : "resultFormat",
    "value" : "allure2"
  } ],
  "parameters" : [ ],
  "links" : [ ],
  "hidden" : false,
  "retry" : false,
  "extra" : {
    "severity" : "normal",
    "retries" : [ ],
    "categories" : [ {
      "name" : "Test defects",
      "matchedStatuses" : [ ],
      "flaky" : false
    } ],
    "tags" : [ ]
  },
  "source" : "677c047752c6c88e.json",
  "parameterValues" : [ ]
}