{
  "uid" : "bd49b9f3762272e0",
  "name" : "test_failure",
  "fullName" : "test_alluredemo1#test_failure",
  "historyId" : "9e8d23832460ad3c87806390b91ae72c",
  "time" : {
    "start" : 1608790393557,
    "stop" : 1608790393558,
    "duration" : 1
  },
  "status" : "failed",
  "statusMessage" : "AssertionError: assert False",
  "statusTrace" : "def test_failure():\n>       assert False\nE       assert False\n\ntest_alluredemo1.py:9: AssertionError",
  "flaky" : false,
  "newFailed" : false,
  "beforeStages" : [ ],
  "afterStages" : [ ],
  "labels" : [ {
    "name" : "suite",
    "value" : "test_alluredemo1"
  }, {
    "name" : "host",
    "value" : "rong360deMacBook-Pro-104.local"
  }, {
    "name" : "thread",
    "value" : "69601-MainThread"
  }, {
    "name" : "framework",
    "value" : "pytest"
  }, {
    "name" : "language",
    "value" : "cpython3"
  }, {
    "name" : "package",
    "value" : "test_alluredemo1"
  }, {
    "name" : "resultFormat",
    "value" : "allure2"
  } ],
  "parameters" : [ ],
  "links" : [ ],
  "hidden" : false,
  "retry" : false,
  "extra" : {
    "severity" : "normal",
    "retries" : [ ],
    "categories" : [ {
      "name" : "Product defects",
      "matchedStatuses" : [ ],
      "flaky" : false
    } ],
    "tags" : [ ]
  },
  "source" : "bd49b9f3762272e0.json",
  "parameterValues" : [ ]
}